TN:
SF:app.js
FN:35,(anonymous_0)
FN:39,(anonymous_1)
FNF:2
FNH:2
FNDA:42,(anonymous_0)
FNDA:1,(anonymous_1)
DA:1,5
DA:2,5
DA:3,5
DA:4,5
DA:5,5
DA:6,5
DA:7,5
DA:9,5
DA:22,5
DA:24,5
DA:26,5
DA:28,5
DA:30,5
DA:31,5
DA:32,5
DA:33,5
DA:34,5
DA:35,5
DA:36,42
DA:37,42
DA:39,5
DA:40,1
DA:41,1
DA:43,5
DA:44,5
DA:45,5
DA:47,5
LF:27
LH:27
BRF:0
BRH:0
end_of_record
TN:
SF:src/searcher.js
FN:17,(anonymous_0)
FN:38,(anonymous_1)
FN:52,(anonymous_2)
FN:55,(anonymous_3)
FN:60,(anonymous_4)
FN:61,(anonymous_5)
FN:77,(anonymous_6)
FN:80,(anonymous_7)
FN:84,(anonymous_8)
FN:87,(anonymous_9)
FN:89,(anonymous_10)
FN:92,(anonymous_11)
FNF:12
FNH:7
FNDA:112,(anonymous_0)
FNDA:1,(anonymous_1)
FNDA:1,(anonymous_2)
FNDA:1,(anonymous_3)
FNDA:0,(anonymous_4)
FNDA:0,(anonymous_5)
FNDA:2,(anonymous_6)
FNDA:1,(anonymous_7)
FNDA:1,(anonymous_8)
FNDA:0,(anonymous_9)
FNDA:0,(anonymous_10)
FNDA:0,(anonymous_11)
DA:1,6
DA:2,6
DA:17,6
DA:18,112
DA:19,112
DA:20,112
DA:21,112
DA:22,112
DA:23,112
DA:24,1
DA:26,112
DA:27,112
DA:28,60
DA:30,112
DA:31,112
DA:33,112
DA:34,6
DA:36,112
DA:37,1
DA:38,1
DA:39,1
DA:42,112
DA:44,0
DA:45,0
DA:52,6
DA:53,1
DA:55,1
DA:57,0
DA:58,0
DA:59,0
DA:60,0
DA:61,0
DA:62,0
DA:63,0
DA:64,0
DA:66,0
DA:77,6
DA:78,2
DA:80,1
DA:82,1
DA:84,1
DA:86,0
DA:87,0
DA:88,0
DA:89,0
DA:90,0
DA:92,0
DA:93,0
DA:98,6
LF:49
LH:31
BRDA:17,0,0,0
BRDA:17,1,0,105
BRDA:17,2,0,105
BRDA:17,3,0,105
BRDA:17,4,0,111
BRDA:23,5,0,1
BRDA:23,5,1,111
BRDA:27,6,0,60
BRDA:27,6,1,52
BRDA:30,7,0,112
BRDA:30,7,1,0
BRDA:33,8,0,6
BRDA:33,8,1,106
BRDA:36,9,0,1
BRDA:36,9,1,111
BRDA:53,10,0,1
BRDA:53,10,1,0
BRDA:53,11,0,1
BRDA:53,11,1,1
BRDA:53,11,2,1
BRDA:63,12,0,0
BRDA:63,12,1,0
BRDA:78,13,0,1
BRDA:78,13,1,1
BRDA:78,14,0,2
BRDA:78,14,1,2
BRDA:78,14,2,2
BRDA:82,15,0,1
BRDA:82,15,1,0
BRDA:82,16,0,1
BRDA:82,16,1,1
BRDA:82,16,2,1
BRF:32
BRH:26
end_of_record
TN:
SF:src/utils.js
FN:8,(anonymous_0)
FN:26,(anonymous_1)
FN:27,(anonymous_2)
FNF:3
FNH:2
FNDA:40,(anonymous_0)
FNDA:1,(anonymous_1)
FNDA:0,(anonymous_2)
DA:8,6
DA:9,40
DA:26,6
DA:27,1
DA:30,6
LF:5
LH:5
BRDA:27,0,0,0
BRDA:27,0,1,1
BRF:2
BRH:1
end_of_record
TN:
SF:src/controllers/aggregationController.js
FN:20,(anonymous_0)
FN:96,(anonymous_1)
FN:97,(anonymous_2)
FN:100,analise
FN:116,(anonymous_4)
FN:120,(anonymous_5)
FN:151,(anonymous_6)
FN:153,(anonymous_7)
FN:156,analise
FN:171,(anonymous_9)
FN:175,(anonymous_10)
FN:179,(anonymous_11)
FNF:12
FNH:5
FNDA:12,(anonymous_0)
FNDA:1,(anonymous_1)
FNDA:0,(anonymous_2)
FNDA:0,analise
FNDA:1,(anonymous_4)
FNDA:0,(anonymous_5)
FNDA:5,(anonymous_6)
FNDA:0,(anonymous_7)
FNDA:0,analise
FNDA:0,(anonymous_9)
FNDA:5,(anonymous_10)
FNDA:0,(anonymous_11)
DA:1,5
DA:2,5
DA:3,5
DA:4,5
DA:6,5
DA:20,5
DA:21,12
DA:22,12
DA:23,12
DA:24,1
DA:25,1
DA:27,11
DA:28,1
DA:29,1
DA:31,10
DA:32,1
DA:33,1
DA:36,9
DA:37,9
DA:38,8
DA:39,1
DA:40,7
DA:41,1
DA:42,1
DA:45,8
DA:46,8
DA:47,1
DA:48,7
DA:49,6
DA:50,1
DA:51,1
DA:52,1
DA:55,7
DA:56,1
DA:58,6
DA:61,7
DA:62,1
DA:64,6
DA:66,7
DA:67,7
DA:68,7
DA:69,7
DA:70,7
DA:71,7
DA:72,7
DA:73,1
DA:74,1
DA:76,6
DA:77,6
DA:79,6
DA:80,1
DA:81,1
DA:82,1
DA:83,1
DA:84,1
DA:85,0
DA:87,1
DA:89,1
DA:90,1
DA:91,1
DA:92,1
DA:94,0
DA:96,1
DA:97,1
DA:98,0
DA:99,0
DA:101,0
DA:102,0
DA:103,0
DA:104,0
DA:105,0
DA:109,0
DA:110,0
DA:113,0
DA:114,0
DA:115,0
DA:117,1
DA:118,1
DA:121,0
DA:122,0
DA:125,5
DA:126,5
DA:127,5
DA:128,5
DA:129,5
DA:130,5
DA:131,5
DA:132,5
DA:134,5
DA:135,5
DA:136,5
DA:137,5
DA:138,5
DA:139,1
DA:141,4
DA:143,5
DA:144,5
DA:145,5
DA:146,5
DA:148,0
DA:151,5
DA:152,5
DA:153,5
DA:154,0
DA:155,0
DA:157,0
DA:158,0
DA:159,0
DA:160,0
DA:161,0
DA:164,0
DA:166,0
DA:167,0
DA:172,0
DA:173,0
DA:174,0
DA:176,5
DA:177,5
DA:180,0
DA:181,0
DA:185,0
DA:186,0
DA:189,0
DA:192,5
LF:124
LH:89
BRDA:23,0,0,1
BRDA:23,0,1,11
BRDA:27,1,0,1
BRDA:27,1,1,10
BRDA:31,2,0,1
BRDA:31,2,1,9
BRDA:37,3,0,8
BRDA:37,3,1,1
BRDA:38,4,0,1
BRDA:38,4,1,7
BRDA:40,5,0,1
BRDA:40,5,1,6
BRDA:46,6,0,1
BRDA:46,6,1,7
BRDA:48,7,0,6
BRDA:48,7,1,1
BRDA:50,8,0,1
BRDA:50,8,1,0
BRDA:55,9,0,1
BRDA:55,9,1,6
BRDA:61,10,0,1
BRDA:61,10,1,6
BRDA:72,11,0,1
BRDA:72,11,1,6
BRDA:76,12,0,6
BRDA:76,12,1,0
BRDA:76,13,0,6
BRDA:76,13,1,0
BRDA:79,14,0,1
BRDA:79,14,1,5
BRDA:84,15,0,0
BRDA:84,15,1,1
BRDA:103,16,0,0
BRDA:103,16,1,0
BRDA:104,17,0,0
BRDA:104,17,1,0
BRDA:109,18,0,0
BRDA:109,18,1,0
BRDA:131,19,0,5
BRDA:131,19,1,0
BRDA:138,20,0,1
BRDA:138,20,1,4
BRDA:159,21,0,0
BRDA:159,21,1,0
BRDA:160,22,0,0
BRDA:160,22,1,0
BRDA:166,23,0,0
BRDA:166,23,1,0
BRF:48
BRH:31
end_of_record
TN:
SF:src/controllers/contentController.js
FN:21,(anonymous_0)
FN:92,(anonymous_1)
FN:94,(anonymous_2)
FN:96,analise
FN:127,(anonymous_4)
FN:128,(anonymous_5)
FN:131,analise
FN:142,(anonymous_7)
FN:146,(anonymous_8)
FN:151,(anonymous_9)
FN:176,(anonymous_10)
FN:178,(anonymous_11)
FN:180,analise
FN:211,(anonymous_13)
FN:212,(anonymous_14)
FN:215,analise
FN:226,(anonymous_16)
FN:230,(anonymous_17)
FN:235,(anonymous_18)
FNF:19
FNH:5
FNDA:11,(anonymous_0)
FNDA:1,(anonymous_1)
FNDA:0,(anonymous_2)
FNDA:0,analise
FNDA:0,(anonymous_4)
FNDA:0,(anonymous_5)
FNDA:0,analise
FNDA:0,(anonymous_7)
FNDA:1,(anonymous_8)
FNDA:0,(anonymous_9)
FNDA:4,(anonymous_10)
FNDA:0,(anonymous_11)
FNDA:0,analise
FNDA:0,(anonymous_13)
FNDA:0,(anonymous_14)
FNDA:0,analise
FNDA:0,(anonymous_16)
FNDA:4,(anonymous_17)
FNDA:0,(anonymous_18)
DA:1,5
DA:2,5
DA:3,5
DA:4,5
DA:5,5
DA:7,5
DA:21,5
DA:22,11
DA:23,11
DA:24,11
DA:25,1
DA:26,1
DA:28,10
DA:29,1
DA:30,1
DA:32,9
DA:33,9
DA:34,9
DA:35,9
DA:36,1
DA:37,1
DA:41,8
DA:42,8
DA:43,1
DA:44,7
DA:45,6
DA:46,1
DA:47,1
DA:48,1
DA:51,7
DA:52,7
DA:53,5
DA:54,2
DA:55,1
DA:56,1
DA:58,1
DA:62,6
DA:63,1
DA:65,5
DA:68,6
DA:69,1
DA:71,5
DA:73,6
DA:74,6
DA:75,6
DA:76,6
DA:77,6
DA:78,1
DA:79,1
DA:81,5
DA:82,1
DA:83,1
DA:84,1
DA:85,1
DA:86,1
DA:87,1
DA:88,1
DA:90,0
DA:92,1
DA:93,1
DA:94,1
DA:95,0
DA:97,0
DA:98,0
DA:99,0
DA:100,0
DA:101,0
DA:102,0
DA:103,0
DA:104,0
DA:105,0
DA:106,0
DA:107,0
DA:109,0
DA:110,0
DA:111,0
DA:112,0
DA:113,0
DA:115,0
DA:119,0
DA:123,0
DA:124,0
DA:128,0
DA:129,0
DA:130,0
DA:132,0
DA:133,0
DA:135,0
DA:136,0
DA:139,0
DA:140,0
DA:141,0
DA:143,0
DA:144,0
DA:147,1
DA:148,1
DA:152,0
DA:153,0
DA:156,4
DA:157,4
DA:158,4
DA:159,4
DA:160,4
DA:161,4
DA:162,4
DA:163,4
DA:165,4
DA:166,4
DA:167,4
DA:168,4
DA:169,4
DA:170,4
DA:171,4
DA:173,0
DA:176,4
DA:177,4
DA:178,4
DA:179,0
DA:181,0
DA:182,0
DA:183,0
DA:184,0
DA:185,0
DA:186,0
DA:187,0
DA:188,0
DA:189,0
DA:190,0
DA:191,0
DA:193,0
DA:194,0
DA:195,0
DA:196,0
DA:197,0
DA:199,0
DA:203,0
DA:207,0
DA:208,0
DA:212,0
DA:213,0
DA:214,0
DA:216,0
DA:217,0
DA:219,0
DA:220,0
DA:223,0
DA:224,0
DA:225,0
DA:227,0
DA:228,0
DA:231,4
DA:232,4
DA:236,0
DA:237,0
DA:241,0
DA:242,0
DA:245,0
DA:249,5
LF:158
LH:83
BRDA:24,0,0,1
BRDA:24,0,1,10
BRDA:28,1,0,1
BRDA:28,1,1,9
BRDA:35,2,0,1
BRDA:35,2,1,8
BRDA:42,3,0,1
BRDA:42,3,1,7
BRDA:44,4,0,6
BRDA:44,4,1,1
BRDA:46,5,0,1
BRDA:46,5,1,0
BRDA:52,6,0,5
BRDA:52,6,1,2
BRDA:54,7,0,1
BRDA:54,7,1,1
BRDA:62,8,0,1
BRDA:62,8,1,5
BRDA:68,9,0,1
BRDA:68,9,1,5
BRDA:77,10,0,1
BRDA:77,10,1,5
BRDA:81,11,0,1
BRDA:81,11,1,4
BRDA:101,12,0,0
BRDA:101,12,1,0
BRDA:105,13,0,0
BRDA:105,13,1,0
BRDA:123,14,0,0
BRDA:123,14,1,0
BRDA:135,15,0,0
BRDA:135,15,1,0
BRDA:162,16,0,4
BRDA:162,16,1,0
BRDA:185,17,0,0
BRDA:185,17,1,0
BRDA:189,18,0,0
BRDA:189,18,1,0
BRDA:207,19,0,0
BRDA:207,19,1,0
BRDA:219,20,0,0
BRDA:219,20,1,0
BRF:42
BRH:24
end_of_record
TN:
SF:src/controllers/dictionaryController.js
FN:20,(anonymous_0)
FN:79,(anonymous_1)
FN:83,(anonymous_2)
FN:105,(anonymous_3)
FN:108,filterItems
FN:109,(anonymous_5)
FN:115,(anonymous_6)
FN:119,(anonymous_7)
FN:126,(anonymous_8)
FN:128,(anonymous_9)
FN:132,(anonymous_10)
FN:155,(anonymous_11)
FN:158,filterItems
FN:159,(anonymous_13)
FN:165,(anonymous_14)
FN:169,(anonymous_15)
FN:176,(anonymous_16)
FN:178,(anonymous_17)
FN:182,(anonymous_18)
FNF:19
FNH:4
FNDA:10,(anonymous_0)
FNDA:0,(anonymous_1)
FNDA:1,(anonymous_2)
FNDA:0,(anonymous_3)
FNDA:0,filterItems
FNDA:0,(anonymous_5)
FNDA:0,(anonymous_6)
FNDA:0,(anonymous_7)
FNDA:0,(anonymous_8)
FNDA:0,(anonymous_9)
FNDA:4,(anonymous_10)
FNDA:0,(anonymous_11)
FNDA:0,filterItems
FNDA:0,(anonymous_13)
FNDA:0,(anonymous_14)
FNDA:0,(anonymous_15)
FNDA:0,(anonymous_16)
FNDA:0,(anonymous_17)
FNDA:1,(anonymous_18)
DA:1,5
DA:2,5
DA:3,5
DA:4,5
DA:6,5
DA:20,5
DA:21,10
DA:22,10
DA:23,10
DA:24,10
DA:25,1
DA:26,1
DA:28,9
DA:29,9
DA:30,8
DA:31,8
DA:32,8
DA:33,8
DA:37,9
DA:38,9
DA:39,9
DA:40,6
DA:42,9
DA:43,5
DA:45,9
DA:46,9
DA:47,9
DA:48,4
DA:49,1
DA:50,1
DA:52,3
DA:53,3
DA:56,5
DA:57,2
DA:58,1
DA:59,1
DA:61,1
DA:63,3
DA:64,1
DA:65,1
DA:67,2
DA:71,6
DA:72,6
DA:73,6
DA:74,6
DA:75,6
DA:76,6
DA:77,1
DA:78,1
DA:79,1
DA:80,0
DA:81,0
DA:82,0
DA:84,1
DA:85,1
DA:87,5
DA:88,4
DA:89,4
DA:90,0
DA:91,0
DA:94,4
DA:95,0
DA:96,0
DA:98,0
DA:99,0
DA:101,0
DA:103,0
DA:104,0
DA:105,0
DA:106,0
DA:107,0
DA:109,0
DA:110,0
DA:113,0
DA:114,0
DA:115,0
DA:116,0
DA:118,0
DA:120,0
DA:121,0
DA:124,4
DA:125,4
DA:126,4
DA:127,0
DA:128,0
DA:129,0
DA:131,0
DA:133,4
DA:134,4
DA:137,1
DA:138,1
DA:139,1
DA:140,0
DA:141,0
DA:144,1
DA:145,0
DA:146,0
DA:148,0
DA:149,0
DA:151,0
DA:153,0
DA:154,0
DA:155,0
DA:156,0
DA:157,0
DA:159,0
DA:160,0
DA:163,0
DA:164,0
DA:165,0
DA:166,0
DA:168,0
DA:170,0
DA:171,0
DA:174,1
DA:175,1
DA:176,1
DA:177,0
DA:178,0
DA:179,0
DA:181,0
DA:183,1
DA:184,1
DA:189,0
DA:193,5
LF:125
LH:71
BRDA:24,0,0,1
BRDA:24,0,1,9
BRDA:29,1,0,8
BRDA:29,1,1,1
BRDA:29,2,0,9
BRDA:29,2,1,9
BRDA:30,3,0,8
BRDA:30,3,1,0
BRDA:32,4,0,8
BRDA:32,4,1,0
BRDA:39,5,0,6
BRDA:39,5,1,3
BRDA:42,6,0,5
BRDA:42,6,1,4
BRDA:47,7,0,4
BRDA:47,7,1,5
BRDA:47,8,0,9
BRDA:47,8,1,6
BRDA:48,9,0,1
BRDA:48,9,1,3
BRDA:56,10,0,2
BRDA:56,10,1,3
BRDA:57,11,0,1
BRDA:57,11,1,1
BRDA:63,12,0,1
BRDA:63,12,1,2
BRDA:76,13,0,1
BRDA:76,13,1,5
BRDA:87,14,0,4
BRDA:87,14,1,1
BRDA:89,15,0,0
BRDA:89,15,1,4
BRDA:90,16,0,0
BRDA:90,16,1,0
BRDA:90,17,0,0
BRDA:90,17,1,0
BRDA:94,18,0,0
BRDA:94,18,1,4
BRDA:96,19,0,0
BRDA:96,19,1,0
BRDA:137,20,0,1
BRDA:137,20,1,0
BRDA:139,21,0,0
BRDA:139,21,1,1
BRDA:140,22,0,0
BRDA:140,22,1,0
BRDA:140,23,0,0
BRDA:140,23,1,0
BRDA:144,24,0,0
BRDA:144,24,1,1
BRDA:146,25,0,0
BRDA:146,25,1,0
BRF:52
BRH:33
end_of_record
TN:
SF:src/controllers/timelineController.js
FN:16,(anonymous_0)
FN:73,(anonymous_1)
FN:74,(anonymous_2)
FN:76,(anonymous_3)
FN:92,(anonymous_4)
FN:96,(anonymous_5)
FN:128,(anonymous_6)
FN:129,(anonymous_7)
FN:131,(anonymous_8)
FN:154,(anonymous_9)
FN:158,(anonymous_10)
FNF:11
FNH:5
FNDA:7,(anonymous_0)
FNDA:1,(anonymous_1)
FNDA:0,(anonymous_2)
FNDA:0,(anonymous_3)
FNDA:1,(anonymous_4)
FNDA:0,(anonymous_5)
FNDA:1,(anonymous_6)
FNDA:0,(anonymous_7)
FNDA:0,(anonymous_8)
FNDA:1,(anonymous_9)
FNDA:0,(anonymous_10)
DA:1,5
DA:2,5
DA:3,5
DA:4,5
DA:16,5
DA:17,7
DA:18,7
DA:19,7
DA:20,1
DA:21,1
DA:23,6
DA:25,1
DA:26,5
DA:27,1
DA:28,1
DA:31,5
DA:32,1
DA:34,4
DA:37,5
DA:38,1
DA:40,4
DA:42,5
DA:43,5
DA:44,5
DA:45,5
DA:46,5
DA:47,5
DA:48,5
DA:49,5
DA:50,3
DA:51,3
DA:53,2
DA:55,1
DA:56,1
DA:57,51
DA:58,1
DA:60,50
DA:61,50
DA:62,50
DA:63,50
DA:64,50
DA:65,50
DA:66,50
DA:67,50
DA:69,0
DA:71,50
DA:73,1
DA:74,1
DA:75,0
DA:76,0
DA:77,0
DA:78,0
DA:79,0
DA:80,0
DA:81,0
DA:84,0
DA:86,0
DA:89,0
DA:90,0
DA:91,0
DA:93,1
DA:94,1
DA:97,0
DA:98,0
DA:101,1
DA:102,1
DA:103,1
DA:104,1
DA:105,1
DA:106,1
DA:107,1
DA:109,1
DA:110,1
DA:111,51
DA:112,1
DA:114,50
DA:115,50
DA:116,50
DA:117,50
DA:118,50
DA:119,50
DA:120,50
DA:121,50
DA:123,0
DA:125,50
DA:128,1
DA:129,1
DA:130,0
DA:131,0
DA:132,0
DA:133,0
DA:134,0
DA:136,0
DA:137,0
DA:140,0
DA:142,0
DA:143,0
DA:145,0
DA:148,0
DA:149,0
DA:150,0
DA:152,0
DA:153,0
DA:155,1
DA:156,1
DA:159,0
DA:160,0
DA:164,0
DA:165,0
DA:168,0
DA:171,5
LF:111
LH:74
BRDA:19,0,0,1
BRDA:19,0,1,6
BRDA:23,1,0,1
BRDA:23,1,1,5
BRDA:26,2,0,1
BRDA:26,2,1,4
BRDA:31,3,0,1
BRDA:31,3,1,4
BRDA:37,4,0,1
BRDA:37,4,1,4
BRDA:49,5,0,3
BRDA:49,5,1,2
BRDA:53,6,0,1
BRDA:53,6,1,1
BRDA:57,7,0,1
BRDA:57,7,1,50
BRDA:80,8,0,0
BRDA:80,8,1,0
BRDA:106,9,0,1
BRDA:106,9,1,0
BRDA:111,10,0,1
BRDA:111,10,1,50
BRDA:136,11,0,0
BRDA:136,11,1,0
BRDA:142,12,0,0
BRDA:142,12,1,0
BRF:26
BRH:19
end_of_record
TN:
SF:src/routes/index.js
FNF:0
FNH:0
DA:1,5
DA:2,5
DA:4,5
DA:5,5
DA:6,5
DA:7,5
DA:47,5
DA:94,5
DA:143,5
DA:159,5
DA:160,5
DA:162,5
LF:12
LH:12
BRF:0
BRH:0
end_of_record
